# JRE version: Java(TM) SE Runtime Environment (8.0_05-b13) (build 1.8.0_05-b13)
# Java VM: Java HotSpot(TM) 64-Bit Server VM (25.5-b02 mixed mode windows-amd64 compressed oops)
Heap:
 PSYoungGen      total 173056K, used 18806K [0x00000000eab00000, 0x00000000f6680000, 0x0000000100000000)
  eden space 158720K, 11% used [0x00000000eab00000,0x00000000ebd5d840,0x00000000f4600000)
  from space 14336K, 0% used [0x00000000f5580000,0x00000000f5580000,0x00000000f6380000)
  to   space 15872K, 0% used [0x00000000f4600000,0x00000000f4600000,0x00000000f5580000)
 ParOldGen       total 260608K, used 42097K [0x00000000c0000000, 0x00000000cfe80000, 0x00000000eab00000)
  object space 260608K, 16% used [0x00000000c0000000,0x00000000c291c5a8,0x00000000cfe80000)
 Metaspace       used 43166K, capacity 45004K, committed 45160K, reserved 1087488K
  class space    used 6097K, capacity 6464K, committed 6504K, reserved 1048576K
GC Heap History (10 events):
Event: 16.498 GC heap before
{Heap before GC invocations=23 (full 1):
 PSYoungGen      total 99328K, used 76673K [0x00000000eab00000, 0x00000000f3580000, 0x0000000100000000)
  eden space 92672K, 75% used [0x00000000eab00000,0x00000000eef61a50,0x00000000f0580000)
  from space 6656K, 99% used [0x00000000f0580000,0x00000000f0bfecd8,0x00000000f0c00000)
  to   space 9216K, 0% used [0x00000000f2c80000,0x00000000f2c80000,0x00000000f3580000)
 ParOldGen       total 260608K, used 18734K [0x00000000c0000000, 0x00000000cfe80000, 0x00000000eab00000)
  object space 260608K, 7% used [0x00000000c0000000,0x00000000c124bb20,0x00000000cfe80000)
 Metaspace       used 34284K, capacity 35022K, committed 35176K, reserved 1079296K
  class space    used 4710K, capacity 4878K, committed 4968K, reserved 1048576K
Event: 16.618 GC heap after
Heap after GC invocations=23 (full 1):
 PSYoungGen      total 131072K, used 8500K [0x00000000eab00000, 0x00000000f3780000, 0x0000000100000000)
  eden space 121856K, 0% used [0x00000000eab00000,0x00000000eab00000,0x00000000f2200000)
  from space 9216K, 92% used [0x00000000f2c80000,0x00000000f34cd0a8,0x00000000f3580000)
  to   space 10752K, 0% used [0x00000000f2200000,0x00000000f2200000,0x00000000f2c80000)
 ParOldGen       total 260608K, used 21502K [0x00000000c0000000, 0x00000000cfe80000, 0x00000000eab00000)
  object space 260608K, 8% used [0x00000000c0000000,0x00000000c14ffbc0,0x00000000cfe80000)
 Metaspace       used 34284K, capacity 35022K, committed 35176K, reserved 1079296K
  class space    used 4710K, capacity 4878K, committed 4968K, reserved 1048576K
}
Event: 16.618 GC heap before
{Heap before GC invocations=24 (full 2):
 PSYoungGen      total 131072K, used 8500K [0x00000000eab00000, 0x00000000f3780000, 0x0000000100000000)
  eden space 121856K, 0% used [0x00000000eab00000,0x00000000eab00000,0x00000000f2200000)
  from space 9216K, 92% used [0x00000000f2c80000,0x00000000f34cd0a8,0x00000000f3580000)
  to   space 10752K, 0% used [0x00000000f2200000,0x00000000f2200000,0x00000000f2c80000)
 ParOldGen       total 260608K, used 21502K [0x00000000c0000000, 0x00000000cfe80000, 0x00000000eab00000)
  object space 260608K, 8% used [0x00000000c0000000,0x00000000c14ffbc0,0x00000000cfe80000)
 Metaspace       used 34284K, capacity 35022K, committed 35176K, reserved 1079296K
  class space    used 4710K, capacity 4878K, committed 4968K, reserved 1048576K
Event: 16.791 GC heap after
Heap after GC invocations=24 (full 2):
 PSYoungGen      total 131072K, used 0K [0x00000000eab00000, 0x00000000f3780000, 0x0000000100000000)
  eden space 121856K, 0% used [0x00000000eab00000,0x00000000eab00000,0x00000000f2200000)
  from space 9216K, 0% used [0x00000000f2c80000,0x00000000f2c80000,0x00000000f3580000)
  to   space 10752K, 0% used [0x00000000f2200000,0x00000000f2200000,0x00000000f2c80000)
 ParOldGen       total 260608K, used 22853K [0x00000000c0000000, 0x00000000cfe80000, 0x00000000eab00000)
  object space 260608K, 8% used [0x00000000c0000000,0x00000000c16514f0,0x00000000cfe80000)
 Metaspace       used 34264K, capacity 35000K, committed 35176K, reserved 1079296K
  class space    used 4704K, capacity 4872K, committed 4968K, reserved 1048576K
}
Event: 28.839 GC heap before
{Heap before GC invocations=25 (full 2):
 PSYoungGen      total 131072K, used 121856K [0x00000000eab00000, 0x00000000f3780000, 0x0000000100000000)
  eden space 121856K, 100% used [0x00000000eab00000,0x00000000f2200000,0x00000000f2200000)
  from space 9216K, 0% used [0x00000000f2c80000,0x00000000f2c80000,0x00000000f3580000)
  to   space 10752K, 0% used [0x00000000f2200000,0x00000000f2200000,0x00000000f2c80000)
 ParOldGen       total 260608K, used 22853K [0x00000000c0000000, 0x00000000cfe80000, 0x00000000eab00000)
  object space 260608K, 8% used [0x00000000c0000000,0x00000000c16514f0,0x00000000cfe80000)
 Metaspace       used 39935K, capacity 41100K, committed 41192K, reserved 1085440K
  class space    used 5573K, capacity 5821K, committed 5864K, reserved 1048576K
Event: 28.884 GC heap after
Heap after GC invocations=25 (full 2):
 PSYoungGen      total 132608K, used 10730K [0x00000000eab00000, 0x00000000f6380000, 0x0000000100000000)
  eden space 121856K, 0% used [0x00000000eab00000,0x00000000eab00000,0x00000000f2200000)
  from space 10752K, 99% used [0x00000000f2200000,0x00000000f2c7aba0,0x00000000f2c80000)
  to   space 14336K, 0% used [0x00000000f5580000,0x00000000f5580000,0x00000000f6380000)
 ParOldGen       total 260608K, used 27523K [0x00000000c0000000, 0x00000000cfe80000, 0x00000000eab00000)
  object space 260608K, 10% used [0x00000000c0000000,0x00000000c1ae0f50,0x00000000cfe80000)
 Metaspace       used 39935K, capacity 41100K, committed 41192K, reserved 1085440K
  class space    used 5573K, capacity 5821K, committed 5864K, reserved 1048576K
}
Event: 32.177 GC heap before
{Heap before GC invocations=26 (full 2):
 PSYoungGen      total 132608K, used 116478K [0x00000000eab00000, 0x00000000f6380000, 0x0000000100000000)
  eden space 121856K, 86% used [0x00000000eab00000,0x00000000f1244d30,0x00000000f2200000)
  from space 10752K, 99% used [0x00000000f2200000,0x00000000f2c7aba0,0x00000000f2c80000)
  to   space 14336K, 0% used [0x00000000f5580000,0x00000000f5580000,0x00000000f6380000)
 ParOldGen       total 260608K, used 27523K [0x00000000c0000000, 0x00000000cfe80000, 0x00000000eab00000)
  object space 260608K, 10% used [0x00000000c0000000,0x00000000c1ae0f50,0x00000000cfe80000)
 Metaspace       used 43027K, capacity 44770K, committed 44904K, reserved 1087488K
  class space    used 6080K, capacity 6444K, committed 6504K, reserved 1048576K
Event: 32.221 GC heap after
Heap after GC invocations=26 (full 2):
 PSYoungGen      total 173056K, used 10967K [0x00000000eab00000, 0x00000000f6680000, 0x0000000100000000)
  eden space 158720K, 0% used [0x00000000eab00000,0x00000000eab00000,0x00000000f4600000)
  from space 14336K, 76% used [0x00000000f5580000,0x00000000f6035dc0,0x00000000f6380000)
  to   space 15872K, 0% used [0x00000000f4600000,0x00000000f4600000,0x00000000f5580000)
 ParOldGen       total 260608K, used 38187K [0x00000000c0000000, 0x00000000cfe80000, 0x00000000eab00000)
  object space 260608K, 14% used [0x00000000c0000000,0x00000000c254afa0,0x00000000cfe80000)
 Metaspace       used 43027K, capacity 44770K, committed 44904K, reserved 1087488K
  class space    used 6080K, capacity 6444K, committed 6504K, reserved 1048576K
}
Event: 32.221 GC heap before
{Heap before GC invocations=27 (full 3):
 PSYoungGen      total 173056K, used 10967K [0x00000000eab00000, 0x00000000f6680000, 0x0000000100000000)
  eden space 158720K, 0% used [0x00000000eab00000,0x00000000eab00000,0x00000000f4600000)
  from space 14336K, 76% used [0x00000000f5580000,0x00000000f6035dc0,0x00000000f6380000)
  to   space 15872K, 0% used [0x00000000f4600000,0x00000000f4600000,0x00000000f5580000)
 ParOldGen       total 260608K, used 38187K [0x00000000c0000000, 0x00000000cfe80000, 0x00000000eab00000)
  object space 260608K, 14% used [0x00000000c0000000,0x00000000c254afa0,0x00000000cfe80000)
 Metaspace       used 43027K, capacity 44770K, committed 44904K, reserved 1087488K
  class space    used 6080K, capacity 6444K, committed 6504K, reserved 1048576K
Event: 32.781 GC heap after
Heap after GC invocations=27 (full 3):
 PSYoungGen      total 173056K, used 0K [0x00000000eab00000, 0x00000000f6680000, 0x0000000100000000)
  eden space 158720K, 0% used [0x00000000eab00000,0x00000000eab00000,0x00000000f4600000)
  from space 14336K, 0% used [0x00000000f5580000,0x00000000f5580000,0x00000000f6380000)
  to   space 15872K, 0% used [0x00000000f4600000,0x00000000f4600000,0x00000000f5580000)
 ParOldGen       total 260608K, used 42097K [0x00000000c0000000, 0x00000000cfe80000, 0x00000000eab00000)
  object space 260608K, 16% used [0x00000000c0000000,0x00000000c291c5a8,0x00000000cfe80000)
 Metaspace       used 43027K, capacity 44770K, committed 44904K, reserved 1087488K
  class space    used 6080K, capacity 6444K, committed 6504K, reserved 1048576K
}

